fp_1
Branches:           1546797
Incorrect:            12743
Misprediction Rate:   0.824
fp_2
Branches:           2422049
Incorrect:             5484
Misprediction Rate:   0.226
int_1
Branches:           3771697
Incorrect:           257183
Misprediction Rate:   6.819
int_2
Branches:           3755315
Incorrect:            11003
Misprediction Rate:   0.293
mm_1
Branches:           3014850
Incorrect:            24370
Misprediction Rate:   0.808
mm_2
Branches:           2563897
Incorrect:           205452
Misprediction Rate:   8.013

===
avg = (0.824 + 0.226 + 6.819 + 0.293 + 0.808 + 8.013) / 6 = 2.8305