fp_1
Branches:           1546797
Incorrect:            12765
Misprediction Rate:   0.825
fp_2
Branches:           2422049
Incorrect:            40641
Misprediction Rate:   1.678
int_1
Branches:           3771697
Incorrect:           521958
Misprediction Rate:  13.839
int_2
Branches:           3755315
Incorrect:            15776
Misprediction Rate:   0.420
mm_1
Branches:           3014850
Incorrect:           201871
Misprediction Rate:   6.696
mm_2
Branches:           2563897
Incorrect:           259929
Misprediction Rate:  10.138

===
avg = (0.825 + 1.678 + 13.839 + 0.420 + 6.696 + 10.138) / 6 = 5.5993