fp_1
Branches:           1546797
Incorrect:            13036
Misprediction Rate:   0.843
fp_2
Branches:           2422049
Incorrect:             5517
Misprediction Rate:   0.228
int_1
Branches:           3771697
Incorrect:           260459
Misprediction Rate:   6.906
int_2
Branches:           3755315
Incorrect:            11286
Misprediction Rate:   0.301
mm_1
Branches:           3014850
Incorrect:            23449
Misprediction Rate:   0.778
mm_2
Branches:           2563897
Incorrect:           225832
Misprediction Rate:   8.808

===
avg = (0.843 + 0.228 + 6.906 + 0.301 + 0.778 + 8.808) / 6 = 2.9773