fp_1
Branches:           1546797
Incorrect:            15322
Misprediction Rate:   0.991
fp_2
Branches:           2422049
Incorrect:            77566
Misprediction Rate:   3.202
int_1
Branches:           3771697
Incorrect:           417444
Misprediction Rate:  11.068
int_2
Branches:           3755315
Incorrect:            14862
Misprediction Rate:   0.396
mm_1
Branches:           3014850
Incorrect:            53889
Misprediction Rate:   1.787
mm_2
Branches:           2563897
Incorrect:           205939
Misprediction Rate:   8.032