fp_1
Branches:           1546797
Incorrect:            15312
Misprediction Rate:   0.990
fp_2
Branches:           2422049
Incorrect:            58425
Misprediction Rate:   2.412
int_1
Branches:           3771697
Incorrect:           441735
Misprediction Rate:  11.712
int_2
Branches:           3755315
Incorrect:            14322
Misprediction Rate:   0.381
mm_1
Branches:           3014850
Incorrect:            62423
Misprediction Rate:   2.071
mm_2
Branches:           2563897
Incorrect:           198887
Misprediction Rate:   7.757