fp_1
Branches:           1546797
Incorrect:            15336
Misprediction Rate:   0.991
fp_2
Branches:           2422049
Incorrect:            77000
Misprediction Rate:   3.179
int_1
Branches:           3771697
Incorrect:           389911
Misprediction Rate:  10.338
int_2
Branches:           3755315
Incorrect:            14355
Misprediction Rate:   0.382
mm_1
Branches:           3014850
Incorrect:            51060
Misprediction Rate:   1.694
mm_2
Branches:           2563897
Incorrect:           198492
Misprediction Rate:   7.742