fp_1
Branches:           1546797
Incorrect:            15325
Misprediction Rate:   0.991
fp_2
Branches:           2422049
Incorrect:            80335
Misprediction Rate:   3.317
int_1
Branches:           3771697
Incorrect:           444250
Misprediction Rate:  11.779
int_2
Branches:           3755315
Incorrect:            15404
Misprediction Rate:   0.410
mm_1
Branches:           3014850
Incorrect:            59903
Misprediction Rate:   1.987
mm_2
Branches:           2563897
Incorrect:           211411
Misprediction Rate:   8.246