fp_1
Branches:           1546797
Incorrect:            15296
Misprediction Rate:   0.989
fp_2
Branches:           2422049
Incorrect:             9892
Misprediction Rate:   0.408
int_1
Branches:           3771697
Incorrect:           425272
Misprediction Rate:  11.275
int_2
Branches:           3755315
Incorrect:            12914
Misprediction Rate:   0.344
mm_1
Branches:           3014850
Incorrect:            35623
Misprediction Rate:   1.182
mm_2
Branches:           2563897
Incorrect:           172231
Misprediction Rate:   6.718