fp_1
Branches:           1546797
Incorrect:            15295
Misprediction Rate:   0.989
fp_2
Branches:           2422049
Incorrect:             9893
Misprediction Rate:   0.408
int_1
Branches:           3771697
Incorrect:           427262
Misprediction Rate:  11.328
int_2
Branches:           3755315
Incorrect:            13141
Misprediction Rate:   0.350
mm_1
Branches:           3014850
Incorrect:            44287
Misprediction Rate:   1.469
mm_2
Branches:           2563897
Incorrect:           184215
Misprediction Rate:   7.185